ERROR:root:table tags already exists
ERROR:root:table book already exists
ERROR:root:table progress already exists
ERROR:root:table tags already exists
ERROR:root:table book already exists
ERROR:root:table progress already exists
ERROR:root:table tags already exists
ERROR:root:table book already exists
ERROR:root:table progress already exists
ERROR:root:table tags already exists
ERROR:root:table book already exists
ERROR:root:table progress already exists
ERROR:root:table tags already exists
ERROR:root:table book already exists
ERROR:root:table progress already exists
ERROR:root:table tags already exists
ERROR:root:table book already exists
ERROR:root:table progress already exists
ERROR:root:error when scrape 26857698, 
ERROR:root:None
ERROR:root:table tags already exists
ERROR:root:table book already exists
ERROR:root:table progress already exists
ERROR:root:UNIQUE constraint failed: tags.tag
